c:\users\nzbq9t\dropbox\game we are making\class wars\game engine\release\vc120.pdb
c:\users\nzbq9t\dropbox\game we are making\class wars\game engine\release\window.obj
c:\users\nzbq9t\dropbox\game we are making\class wars\game engine\release\dllmaincpp.obj
c:\users\nzbq9t\dropbox\game we are making\class wars\game engine\release\object.obj
c:\users\nzbq9t\dropbox\game we are making\class wars\game engine\release\ui.obj
c:\users\nzbq9t\dropbox\game we are making\class wars\game engine\release\timer.obj
c:\users\nzbq9t\dropbox\game we are making\class wars\game engine\release\npc.obj
c:\users\nzbq9t\dropbox\game we are making\class wars\game engine\release\entity.obj
c:\users\nzbq9t\dropbox\game we are making\class wars\game engine\release\image.obj
c:\users\nzbq9t\dropbox\game we are making\class wars\release\slge.dll
c:\users\nzbq9t\dropbox\game we are making\class wars\release\slge.pdb
c:\users\nzbq9t\dropbox\game we are making\class wars\release\slge.lib
c:\users\nzbq9t\dropbox\game we are making\class wars\release\slge.exp
c:\users\nzbq9t\dropbox\game we are making\class wars\game engine\release\slge.tlog\cl.command.1.tlog
c:\users\nzbq9t\dropbox\game we are making\class wars\game engine\release\slge.tlog\cl.read.1.tlog
c:\users\nzbq9t\dropbox\game we are making\class wars\game engine\release\slge.tlog\cl.write.1.tlog
c:\users\nzbq9t\dropbox\game we are making\class wars\game engine\release\slge.tlog\link.command.1.tlog
c:\users\nzbq9t\dropbox\game we are making\class wars\game engine\release\slge.tlog\link.read.1.tlog
c:\users\nzbq9t\dropbox\game we are making\class wars\game engine\release\slge.tlog\link.write.1.tlog
c:\users\nzbq9t\dropbox\game we are making\class wars\game engine\release\slge.tlog\slge.write.1u.tlog
