Build started 1/6/2015 11:13:41 PM.
     1>Project "C:\Users\nzbq9t\Dropbox\Game We are Making\Class Wars\Game Engine\Game Engine.vcxproj" on node 2 (Build target(s)).
     1>C:\Program Files (x86)\MSBuild\Microsoft.Cpp\v4.0\V120\Microsoft.CppBuild.targets(388,5): warning MSB8028: The intermediate directory (Debug\) contains files shared from another project (SLGE (Andrew Harsh's conflicted copy 2015-01-06).vcxproj).  This can lead to incorrect clean and rebuild behavior.
     1>ClCompile:
         C:\Program Files (x86)\Microsoft Visual Studio 12.0\VC\bin\CL.exe /c /ZI /nologo /W3 /WX- /sdl /Od /Oy- /D SLGE_EXPORT /D _WINDLL /D _MBCS /Gm /EHsc /RTC1 /MDd /GS /fp:precise /Zc:wchar_t /Zc:forScope /Fo"Debug\\" /Fd"Debug\vc120.pdb" /Gd /TP /analyze- /errorReport:prompt DllMaincpp.cpp Entity.cpp NPC.cpp Object.cpp UI.cpp Window.cpp
         Window.cpp
         Object.cpp
         Generating Code...
         Compiling...
         UI.cpp
         NPC.cpp
         Entity.cpp
         DllMaincpp.cpp
         Generating Code...
       Link:
         C:\Program Files (x86)\Microsoft Visual Studio 12.0\VC\bin\link.exe /ERRORREPORT:PROMPT /OUT:"C:\Users\nzbq9t\Dropbox\Game We are Making\Class Wars\Debug\SLGE.dll" /INCREMENTAL /NOLOGO SDL2.lib SDL2main.lib SDL2_image.lib SDL2_mixer.lib SDL2_ttf.lib kernel32.lib user32.lib gdi32.lib winspool.lib comdlg32.lib advapi32.lib shell32.lib ole32.lib oleaut32.lib uuid.lib odbc32.lib odbccp32.lib /MANIFEST /MANIFESTUAC:"level='asInvoker' uiAccess='false'" /manifest:embed /DEBUG /PDB:"C:\Users\nzbq9t\Dropbox\Game We are Making\Class Wars\Debug\SLGE.pdb" /SUBSYSTEM:CONSOLE /TLBID:1 /DYNAMICBASE /NXCOMPAT /IMPLIB:"C:\Users\nzbq9t\Dropbox\Game We are Making\Class Wars\Debug\SLGE.lib" /MACHINE:X86 /DLL Debug\DllMaincpp.obj
         Debug\Entity.obj
         Debug\NPC.obj
         Debug\Object.obj
         Debug\UI.obj
         Debug\Window.obj
            Creating library C:\Users\nzbq9t\Dropbox\Game We are Making\Class Wars\Debug\SLGE.lib and object C:\Users\nzbq9t\Dropbox\Game We are Making\Class Wars\Debug\SLGE.exp
         Game Engine.vcxproj -> C:\Users\nzbq9t\Dropbox\Game We are Making\Class Wars\Debug\SLGE.dll
     1>Done Building Project "C:\Users\nzbq9t\Dropbox\Game We are Making\Class Wars\Game Engine\Game Engine.vcxproj" (Build target(s)).

Build succeeded.

Time Elapsed 00:00:04.68
