c:\users\nzbq9t\dropbox\game we are making\class wars\game engine\debug\vc120.pdb
c:\users\nzbq9t\dropbox\game we are making\class wars\game engine\debug\vc120.idb
c:\users\nzbq9t\dropbox\game we are making\class wars\game engine\debug\dllmaincpp.obj
c:\users\nzbq9t\dropbox\game we are making\class wars\game engine\debug\entity.obj
c:\users\nzbq9t\dropbox\game we are making\class wars\game engine\debug\npc.obj
c:\users\nzbq9t\dropbox\game we are making\class wars\game engine\debug\object.obj
c:\users\nzbq9t\dropbox\game we are making\class wars\game engine\debug\window.obj
c:\users\nzbq9t\dropbox\game we are making\class wars\game engine\debug\ui.obj
c:\users\nzbq9t\dropbox\game we are making\class wars\debug\slge.lib
c:\users\nzbq9t\dropbox\game we are making\class wars\debug\slge.exp
c:\users\nzbq9t\dropbox\game we are making\class wars\debug\slge.pdb
c:\users\nzbq9t\dropbox\game we are making\class wars\game engine\debug\slge.tlog\cl.command.1.tlog
c:\users\nzbq9t\dropbox\game we are making\class wars\game engine\debug\slge.tlog\cl.read.1.tlog
c:\users\nzbq9t\dropbox\game we are making\class wars\game engine\debug\slge.tlog\cl.write.1.tlog
c:\users\nzbq9t\dropbox\game we are making\class wars\game engine\debug\slge.tlog\link-cvtres.read.1.tlog
c:\users\nzbq9t\dropbox\game we are making\class wars\game engine\debug\slge.tlog\link-cvtres.write.1.tlog
c:\users\nzbq9t\dropbox\game we are making\class wars\game engine\debug\slge.tlog\link-rc.read.1.tlog
c:\users\nzbq9t\dropbox\game we are making\class wars\game engine\debug\slge.tlog\link-rc.write.1.tlog
c:\users\nzbq9t\dropbox\game we are making\class wars\game engine\debug\slge.tlog\link.8892-cvtres.read.1.tlog
c:\users\nzbq9t\dropbox\game we are making\class wars\game engine\debug\slge.tlog\link.8892-cvtres.write.1.tlog
c:\users\nzbq9t\dropbox\game we are making\class wars\game engine\debug\slge.tlog\link.8892-rc.read.1.tlog
c:\users\nzbq9t\dropbox\game we are making\class wars\game engine\debug\slge.tlog\link.8892-rc.write.1.tlog
c:\users\nzbq9t\dropbox\game we are making\class wars\game engine\debug\slge.tlog\link.8892.read.1.tlog
c:\users\nzbq9t\dropbox\game we are making\class wars\game engine\debug\slge.tlog\link.8892.write.1.tlog
c:\users\nzbq9t\dropbox\game we are making\class wars\game engine\debug\slge.tlog\link.command.1.tlog
c:\users\nzbq9t\dropbox\game we are making\class wars\game engine\debug\slge.tlog\link.read.1.tlog
c:\users\nzbq9t\dropbox\game we are making\class wars\game engine\debug\slge.tlog\link.write.1.tlog
c:\users\nzbq9t\dropbox\game we are making\class wars\game engine\debug\slge.tlog\slge.write.1u.tlog
