Build started 2/5/2015 1:21:24 PM.
     1>Project "C:\Users\nzbq9t\Dropbox\Game We are Making\Class Wars\Class Wars\Class Wars.vcxproj" on node 2 (Build target(s)).
     1>ClCompile:
         C:\Program Files (x86)\Microsoft Visual Studio 12.0\VC\bin\CL.exe /c /ZI /nologo /W3 /WX- /sdl /Od /Oy- /D _MBCS /Gm /EHsc /RTC1 /MD /GS /fp:precise /Zc:wchar_t /Zc:forScope /Fo"Debug\\" /Fd"Debug\vc120.pdb" /Gd /TP /analyze- /errorReport:prompt Source.cpp
         Source.cpp
     1>c:\users\nzbq9t\dropbox\game we are making\class wars\game engine\slge.h(232): warning C4018: '<' : signed/unsigned mismatch
                 c:\users\nzbq9t\dropbox\game we are making\class wars\game engine\slge.h(304) : see reference to function template instantiation 'void SLGE::DynamicClass<SLGE::Object_t,>::DeletePointer<C>(int)' being compiled
                 with
                 [
                     C=SLGE::Object_t
                 ]
                 c:\users\nzbq9t\dropbox\game we are making\class wars\game engine\slge.h(304) : see reference to function template instantiation 'void SLGE::DynamicClass<SLGE::Object_t,>::DeletePointer<C>(int)' being compiled
                 with
                 [
                     C=SLGE::Object_t
                 ]
                 c:\users\nzbq9t\dropbox\game we are making\class wars\game engine\slge.h(298) : while compiling class template member function 'void SLGE::DynamicClass<SLGE::Object_t,>::Despawn(int,int)'
                 c:\users\nzbq9t\dropbox\game we are making\class wars\game engine\slge.h(294) : see reference to function template instantiation 'void SLGE::DynamicClass<SLGE::Object_t,>::Despawn(int,int)' being compiled
                 c:\users\nzbq9t\dropbox\game we are making\class wars\class wars\source.cpp(45) : see reference to class template instantiation 'SLGE::DynamicClass<SLGE::Object_t,>' being compiled
     1>c:\users\nzbq9t\dropbox\game we are making\class wars\game engine\slge.h(236): warning C4018: '<' : signed/unsigned mismatch
     1>c:\users\nzbq9t\dropbox\game we are making\class wars\game engine\slge.h(255): warning C4018: '<' : signed/unsigned mismatch
                 c:\users\nzbq9t\dropbox\game we are making\class wars\game engine\slge.h(304) : see reference to function template instantiation 'void SLGE::DynamicClass<Player_TT,SLGE::Object_t>::DeletePointer<C,SLGE::Object_t,>(int)' being compiled
                 with
                 [
                     C=Player_TT
                 ]
                 c:\users\nzbq9t\dropbox\game we are making\class wars\game engine\slge.h(304) : see reference to function template instantiation 'void SLGE::DynamicClass<Player_TT,SLGE::Object_t>::DeletePointer<C,SLGE::Object_t,>(int)' being compiled
                 with
                 [
                     C=Player_TT
                 ]
                 c:\users\nzbq9t\dropbox\game we are making\class wars\game engine\slge.h(298) : while compiling class template member function 'void SLGE::DynamicClass<Player_TT,SLGE::Object_t>::Despawn(int,int)'
                 c:\users\nzbq9t\dropbox\game we are making\class wars\game engine\slge.h(294) : see reference to function template instantiation 'void SLGE::DynamicClass<Player_TT,SLGE::Object_t>::Despawn(int,int)' being compiled
                 c:\users\nzbq9t\dropbox\game we are making\class wars\class wars\source.cpp(47) : see reference to class template instantiation 'SLGE::DynamicClass<Player_TT,SLGE::Object_t>' being compiled
     1>c:\users\nzbq9t\dropbox\game we are making\class wars\game engine\slge.h(259): warning C4018: '<' : signed/unsigned mismatch
       Link:
         C:\Program Files (x86)\Microsoft Visual Studio 12.0\VC\bin\link.exe /ERRORREPORT:PROMPT /OUT:"C:\Users\nzbq9t\Dropbox\Game We are Making\Class Wars\Debug\Class Wars.exe" /INCREMENTAL /NOLOGO SLGE.lib SDL2.lib SDL2main.lib SDL2_image.lib SDL2_mixer.lib SDL2_ttf.lib kernel32.lib user32.lib gdi32.lib winspool.lib comdlg32.lib advapi32.lib shell32.lib ole32.lib oleaut32.lib uuid.lib odbc32.lib odbccp32.lib /MANIFEST /MANIFESTUAC:"level='asInvoker' uiAccess='false'" /manifest:embed /DEBUG /PDB:"C:\Users\nzbq9t\Dropbox\Game We are Making\Class Wars\Debug\Class Wars.pdb" /SUBSYSTEM:CONSOLE /TLBID:1 /DYNAMICBASE /NXCOMPAT /IMPLIB:"C:\Users\nzbq9t\Dropbox\Game We are Making\Class Wars\Debug\Class Wars.lib" /MACHINE:X86 Debug\Source.obj
         Class Wars.vcxproj -> C:\Users\nzbq9t\Dropbox\Game We are Making\Class Wars\Debug\Class Wars.exe
     1>Done Building Project "C:\Users\nzbq9t\Dropbox\Game We are Making\Class Wars\Class Wars\Class Wars.vcxproj" (Build target(s)).

Build succeeded.

Time Elapsed 00:00:01.20
